[Licensing::Module] Trying to connect to existing licensing client channel...
Built from '6000.5/staging' branch; Version is '6000.5.2f1 (eb73d3b415a1) revision 15430611'; Using compiler version '194234433'; Build Type 'Release'
OS: 'Windows 11  (10.0.26200) Professional' Language: 'es' Physical Memory: 16076 MB
BatchMode: 1, IsHumanControllingUs: 0, StartBugReporterOnCrash: 0, Is64bit: 1
System  architecture: x64
Process architecture: x64
[Licensing::IpcConnector] Successfully connected to: "LicenseClient-USER" at "2026-07-11T05:37:38.8679197Z"
Date: 2026-07-11T05:37:38Z
[Licensing::Client] Error: HandshakeResponse reported an error:
	ResponseCode: 505
	ResponseStatus: Unsupported protocol version '1.18.1'.
[Licensing::Module] Error: Failed to handshake to channel: "LicenseClient-USER"
[Licensing::IpcConnector] LicenseClient-USER channel disconnected successfully.
[Licensing::IpcConnector] Channel LicenseClient-USER-6000.5.2 doesn't exist
[Licensing::Module] Successfully launched the LicensingClient (PId: 66724)

COMMAND LINE ARGUMENTS:
C:\Program Files\Unity\Hub\Editor\6000.5.2f1\Editor\Unity.exe
-batchmode
-quit
-nographics
-projectPath
C:\Users\USER\Downloads\graficaShooter3D\ParcialPracticoShooter3D
-executeMethod
ExamSceneBuilder.Build
-logFile
C:\Users\USER\Downloads\graficaShooter3D\ParcialPracticoShooter3D\unity-build-maze.log
Successfully changed project path to: C:\Users\USER\Downloads\graficaShooter3D\ParcialPracticoShooter3D
C:/Users/USER/Downloads/graficaShooter3D/ParcialPracticoShooter3D
[UnityMemory] Configuration Parameters - Can be set up in boot.config
    "memorysetup-temp-allocator-size-gi-baking-worker=262144"
    "memorysetup-temp-allocator-size-gi-baking-worker=262144"
    "memorysetup-temp-allocator-size-gi-baking-worker=262144"
    "memorysetup-temp-allocator-size-gi-baking-worker=262144"
    "memorysetup-temp-allocator-size-gi-baking-worker=262144"
    "memorysetup-temp-allocator-size-nav-mesh-worker=65536"
    "memorysetup-temp-allocator-size-audio-worker=65536"
    "memorysetup-temp-allocator-size-cloud-worker=32768"
    "memorysetup-temp-allocator-size-gfx=262144"
    "memorysetup-temp-allocator-size-preload-manager=33554432"
    "memorysetup-allocator-temp-initial-block-size-main=262144"
    "memorysetup-allocator-temp-initial-block-size-worker=262144"
    "memorysetup-temp-allocator-size-job-worker=262144"
    "memorysetup-temp-allocator-size-background-worker=32768"
    "memorysetup-bucket-allocator-granularity=16"
    "memorysetup-bucket-allocator-bucket-count=8"
    "memorysetup-bucket-allocator-block-size=33554432"
    "memorysetup-bucket-allocator-block-count=8"
    "memorysetup-main-allocator-block-size=16777216"
    "memorysetup-thread-allocator-block-size=16777216"
    "memorysetup-main-allocator-mimalloc-enabled=0"
    "memorysetup-gfx-main-allocator-block-size=16777216"
    "memorysetup-gfx-thread-allocator-block-size=16777216"
    "memorysetup-cache-allocator-block-size=4194304"
    "memorysetup-typetree-allocator-block-size=2097152"
    "memorysetup-profiler-bucket-allocator-granularity=16"
    "memorysetup-profiler-bucket-allocator-bucket-count=8"
    "memorysetup-profiler-bucket-allocator-block-size=33554432"
    "memorysetup-profiler-bucket-allocator-block-count=8"
    "memorysetup-profiler-allocator-block-size=16777216"
    "memorysetup-profiler-editor-allocator-block-size=1048576"
    "memorysetup-temp-allocator-size-main=16777216"
    "memorysetup-job-temp-allocator-block-size=2097152"
    "memorysetup-job-temp-allocator-block-size-background=1048576"
    "memorysetup-job-temp-allocator-reduction-small-platforms=262144"
Logging is directed to a specific file, skipping project log.Player connection [71000]  Target information:

Player connection [71000]  * "[IP] 172.23.16.1 [Port] 55504 [Flags] 2 [Guid] 3010726519 [EditorId] 3010726519 [Version] 1048832 [Id] WindowsEditor(7,DESKTOP-9060AH3) [Debug] 1 [PackageName] WindowsEditor [ProjectName] Editor" 

Player connection [71000]  * "[IP] 172.29.0.1 [Port] 55504 [Flags] 2 [Guid] 3010726519 [EditorId] 3010726519 [Version] 1048832 [Id] WindowsEditor(7,DESKTOP-9060AH3) [Debug] 1 [PackageName] WindowsEditor [ProjectName] Editor" 

Player connection [71000]  * "[IP] 192.168.1.44 [Port] 55504 [Flags] 2 [Guid] 3010726519 [EditorId] 3010726519 [Version] 1048832 [Id] WindowsEditor(7,DESKTOP-9060AH3) [Debug] 1 [PackageName] WindowsEditor [ProjectName] Editor" 

Player connection [71000] Host joined multi-casting on [225.0.0.222:54997]...
Player connection [71000] Host joined alternative multi-casting on [225.0.0.222:34997]...
Input System module state changed to: Initialized.
[Physics::Module] Initialized fallback backend.
[Physics::Module] Id: 0xdecafbad
[Package Manager] Connected to IPC stream "Upm-10500" after 0.4 seconds.
[Licensing::Module] Licensing is not yet initialized.
[Licensing::IpcConnector] Successfully connected to: "LicenseClient-USER-6000.5.2" at "2026-07-11T05:38:15.1352787Z"
[Licensing::Client] Code 10 while verifying Licensing Client signature (process Id: 66724, path: "C:/Program Files/Unity/Hub/Editor/6000.5.2f1/Editor/Data/Resources/Licensing/Client/Unity.Licensing.Client.exe")
[Licensing::Module] LicensingClient has failed validation; ignoring
[Licensing::Client] Handshaking with LicensingClient:
  Version:                 1.18.1+9fbee8e
  Session Id:              ab3ffe00ffd14b96b8c35bcf3e4dd704
  Correlation Id:          1f89cb8b29aa1fcad410832e3f1a0fc0
  External correlation Id: 3960942226825578890
  Machine Id:              7+DC0Klvk6dTU7So1fNBXYeXDRU=
[Licensing::Module] Successfully connected to LicensingClient on channel: "LicenseClient-USER-6000.5.2" (connect: 33.24s, validation: 1.03s, handshake: 0.09s)
[Licensing::IpcConnector] Successfully connected to: "LicenseClient-USER-6000.5.2-notifications" at "2026-07-11T05:38:16.2536534Z"
[Licensing::Module] Connected to LicensingClient (PId: 66724, launch time: 0.17, total connection time: 34.36s)
[Licensing::Module] Error: Access token is unavailable; failed to update
[Licensing::Client] Successfully resolved entitlement details
[Licensing::Module] License group:
  Id: 4673385707227-UnityPersXXXX
  Product: Unity Personal
  Type: Assigned
  Expiration: Unlimited
[Licensing::Client] Successfully updated license, isAsync: True, time: 0.03
[Licensing::Client] Successfully resolved entitlement details
[Licensing::Module] Licensing Background thread has ended after 37.46s
[Licensing::Module] Licensing is initialized (took 31.31s).
[Licensing::Client] Successfully resolved entitlement details
Library Redirect Path: Library/
[Physics::Module] Selected backend.
[Physics::Module] Name: PhysX
[Physics::Module] Id: 0xf2b8ea05
[Physics::Module] SDK Version: 4.1.2
[Physics::Module] Integration Version: 1.0.0
[Physics::Module] Threading Mode: Multi-Threaded
Artifact Garbage Collection - Removed 111 unused hashed content files
Initialize engine version: 6000.5.2f1 (eb73d3b415a1)
[Subsystems] Discovering subsystems at path C:/Program Files/Unity/Hub/Editor/6000.5.2f1/Editor/Data/Resources/UnitySubsystems
[Subsystems] Discovering subsystems at path C:/Users/USER/Downloads/graficaShooter3D/ParcialPracticoShooter3D/Assets
Forcing GfxDevice: Null
GfxDevice: creating device client; kGfxThreadingModeNonThreaded
NullGfxDevice:
    Version:  NULL 1.0 [1.0]
    Renderer: Null Device
    Vendor:   Unity Technologies
Initialize mono
Mono path[0] = 'C:/Program Files/Unity/Hub/Editor/6000.5.2f1/Editor/Data/Managed'
Mono path[1] = 'C:/Program Files/Unity/Hub/Editor/6000.5.2f1/Editor/Data/BCLExtensions/runtime/netstandard2.1'
Mono path[2] = 'C:/Program Files/Unity/Hub/Editor/6000.5.2f1/Editor/Data/MonoBleedingEdge/lib/mono/unityjit-win32'
Mono config path = 'C:/Program Files/Unity/Hub/Editor/6000.5.2f1/Editor/Data/MonoBleedingEdge/etc'
Using monoOptions --debugger-agent=transport=dt_socket,embedding=1,server=y,suspend=n,address=127.0.0.1:56500
CodeReloadManager initialized
ImportWorker Server TCP listen port: 0
AcceleratorClientConnectionCallback - disconnected - :0
Begin MonoManager ReloadAssembly
Registering precompiled unity dll's ...
Register platform support module: C:/Program Files/Unity/Hub/Editor/6000.5.2f1/Editor/Data/PlaybackEngines/WebGLSupport/UnityEditor.WebGL.Extensions.dll
Register platform support module: C:/Program Files/Unity/Hub/Editor/6000.5.2f1/Editor/Data/PlaybackEngines/WindowsStandaloneSupport/UnityEditor.WindowsStandalone.Extensions.dll
Registered in 3.912500 seconds.
Native extension for WindowsStandalone target not found
Native extension for WebGL target not found
Package Manager log level set to [2]
ScheduleIndexationOnStartup MainProcess:False IndexOnStartup:True
Mono: successfully reloaded assembly
- Finished resetting the current domain, in  1.271 seconds
Domain Reload Profiling: 21511ms
	BeginReloadAssembly (1439ms)
		CreateAndSetChildDomain (21ms)
	RebuildCommonClasses (15ms)
	RebuildNativeTypeToScriptingClass (1411ms)
	initialDomainReloadingComplete (4937ms)
	LoadAllAssembliesAndSetupDomain (12426ms)
		LoadAssemblies (1450ms)
		AnalyzeDomain (12207ms)
			TypeCache.Refresh (12203ms)
				TypeCache.ScanAssembly (10035ms)
	FinalizeReload (1283ms)
		SetupLoadedEditorAssemblies (0ms)
			InitializePlatformSupportModulesInManaged (7ms)
			BeforeProcessingInitializeOnLoad (277ms)
			ProcessInitializeOnLoadAttributes (351ms)
			ProcessInitializeOnLoadMethodAttributes (450ms)
[Licensing::Client] Successfully resolved entitlement details
Application.AssetDatabase Initial Refresh Start
[Package Manager] Restoring resolved packages state from cache
[Licensing::Client] Successfully resolved entitlement details
[Package Manager] Registered 38 packages:
  Built-in packages:
    com.unity.multiplayer.center@1.0.1 (location: C:\Users\USER\Downloads\graficaShooter3D\ParcialPracticoShooter3D\Library\PackageCache\com.unity.multiplayer.center@b860850997d0)
    com.unity.ugui@2.5.0 (location: C:\Users\USER\Downloads\graficaShooter3D\ParcialPracticoShooter3D\Library\PackageCache\com.unity.ugui@3d1ea40b73ef)
    com.unity.modules.accessibility@1.0.0 (location: C:\Users\USER\Downloads\graficaShooter3D\ParcialPracticoShooter3D\Library\PackageCache\com.unity.modules.accessibility)
    com.unity.modules.adaptiveperformance@1.0.0 (location: C:\Users\USER\Downloads\graficaShooter3D\ParcialPracticoShooter3D\Library\PackageCache\com.unity.modules.adaptiveperformance)
    com.unity.modules.ai@1.0.0 (location: C:\Users\USER\Downloads\graficaShooter3D\ParcialPracticoShooter3D\Library\PackageCache\com.unity.modules.ai)
    com.unity.modules.androidjni@1.0.0 (location: C:\Users\USER\Downloads\graficaShooter3D\ParcialPracticoShooter3D\Library\PackageCache\com.unity.modules.androidjni)
    com.unity.modules.animation@1.0.0 (location: C:\Users\USER\Downloads\graficaShooter3D\ParcialPracticoShooter3D\Library\PackageCache\com.unity.modules.animation)
    com.unity.modules.assetbundle@1.0.0 (location: C:\Users\USER\Downloads\graficaShooter3D\ParcialPracticoShooter3D\Library\PackageCache\com.unity.modules.assetbundle)
    com.unity.modules.audio@1.0.0 (location: C:\Users\USER\Downloads\graficaShooter3D\ParcialPracticoShooter3D\Library\PackageCache\com.unity.modules.audio)
    com.unity.modules.cloth@1.0.0 (location: C:\Users\USER\Downloads\graficaShooter3D\ParcialPracticoShooter3D\Library\PackageCache\com.unity.modules.cloth)
    com.unity.modules.director@1.0.0 (location: C:\Users\USER\Downloads\graficaShooter3D\ParcialPracticoShooter3D\Library\PackageCache\com.unity.modules.director)
    com.unity.modules.imageconversion@1.0.0 (location: C:\Users\USER\Downloads\graficaShooter3D\ParcialPracticoShooter3D\Library\PackageCache\com.unity.modules.imageconversion)
    com.unity.modules.imgui@1.0.0 (location: C:\Users\USER\Downloads\graficaShooter3D\ParcialPracticoShooter3D\Library\PackageCache\com.unity.modules.imgui)
    com.unity.modules.jsonserialize@1.0.0 (location: C:\Users\USER\Downloads\graficaShooter3D\ParcialPracticoShooter3D\Library\PackageCache\com.unity.modules.jsonserialize)
    com.unity.modules.particlesystem@1.0.0 (location: C:\Users\USER\Downloads\graficaShooter3D\ParcialPracticoShooter3D\Library\PackageCache\com.unity.modules.particlesystem)
    com.unity.modules.physics@1.0.0 (location: C:\Users\USER\Downloads\graficaShooter3D\ParcialPracticoShooter3D\Library\PackageCache\com.unity.modules.physics)
    com.unity.modules.physics2d@1.0.0 (location: C:\Users\USER\Downloads\graficaShooter3D\ParcialPracticoShooter3D\Library\PackageCache\com.unity.modules.physics2d)
    com.unity.modules.physicscore2d@1.0.0 (location: C:\Users\USER\Downloads\graficaShooter3D\ParcialPracticoShooter3D\Library\PackageCache\com.unity.modules.physicscore2d)
    com.unity.modules.screencapture@1.0.0 (location: C:\Users\USER\Downloads\graficaShooter3D\ParcialPracticoShooter3D\Library\PackageCache\com.unity.modules.screencapture)
    com.unity.modules.terrain@1.0.0 (location: C:\Users\USER\Downloads\graficaShooter3D\ParcialPracticoShooter3D\Library\PackageCache\com.unity.modules.terrain)
    com.unity.modules.terrainphysics@1.0.0 (location: C:\Users\USER\Downloads\graficaShooter3D\ParcialPracticoShooter3D\Library\PackageCache\com.unity.modules.terrainphysics)
    com.unity.modules.tilemap@1.0.0 (location: C:\Users\USER\Downloads\graficaShooter3D\ParcialPracticoShooter3D\Library\PackageCache\com.unity.modules.tilemap)
    com.unity.modules.ui@1.0.0 (location: C:\Users\USER\Downloads\graficaShooter3D\ParcialPracticoShooter3D\Library\PackageCache\com.unity.modules.ui)
    com.unity.modules.uielements@1.0.0 (location: C:\Users\USER\Downloads\graficaShooter3D\ParcialPracticoShooter3D\Library\PackageCache\com.unity.modules.uielements)
    com.unity.modules.umbra@1.0.0 (location: C:\Users\USER\Downloads\graficaShooter3D\ParcialPracticoShooter3D\Library\PackageCache\com.unity.modules.umbra)
    com.unity.modules.unityanalytics@1.0.0 (location: C:\Users\USER\Downloads\graficaShooter3D\ParcialPracticoShooter3D\Library\PackageCache\com.unity.modules.unityanalytics)
    com.unity.modules.unitywebrequest@1.0.0 (location: C:\Users\USER\Downloads\graficaShooter3D\ParcialPracticoShooter3D\Library\PackageCache\com.unity.modules.unitywebrequest)
    com.unity.modules.unitywebrequestassetbundle@1.0.0 (location: C:\Users\USER\Downloads\graficaShooter3D\ParcialPracticoShooter3D\Library\PackageCache\com.unity.modules.unitywebrequestassetbundle)
    com.unity.modules.unitywebrequestaudio@1.0.0 (location: C:\Users\USER\Downloads\graficaShooter3D\ParcialPracticoShooter3D\Library\PackageCache\com.unity.modules.unitywebrequestaudio)
    com.unity.modules.unitywebrequesttexture@1.0.0 (location: C:\Users\USER\Downloads\graficaShooter3D\ParcialPracticoShooter3D\Library\PackageCache\com.unity.modules.unitywebrequesttexture)
    com.unity.modules.unitywebrequestwww@1.0.0 (location: C:\Users\USER\Downloads\graficaShooter3D\ParcialPracticoShooter3D\Library\PackageCache\com.unity.modules.unitywebrequestwww)
    com.unity.modules.vectorgraphics@1.0.0 (location: C:\Users\USER\Downloads\graficaShooter3D\ParcialPracticoShooter3D\Library\PackageCache\com.unity.modules.vectorgraphics)
    com.unity.modules.vehicles@1.0.0 (location: C:\Users\USER\Downloads\graficaShooter3D\ParcialPracticoShooter3D\Library\PackageCache\com.unity.modules.vehicles)
    com.unity.modules.video@1.0.0 (location: C:\Users\USER\Downloads\graficaShooter3D\ParcialPracticoShooter3D\Library\PackageCache\com.unity.modules.video)
    com.unity.modules.wind@1.0.0 (location: C:\Users\USER\Downloads\graficaShooter3D\ParcialPracticoShooter3D\Library\PackageCache\com.unity.modules.wind)
    com.unity.modules.xr@1.0.0 (location: C:\Users\USER\Downloads\graficaShooter3D\ParcialPracticoShooter3D\Library\PackageCache\com.unity.modules.xr)
    com.unity.modules.subsystems@1.0.0 (location: C:\Users\USER\Downloads\graficaShooter3D\ParcialPracticoShooter3D\Library\PackageCache\com.unity.modules.subsystems)
    com.unity.modules.hierarchycore@1.0.0 (location: C:\Users\USER\Downloads\graficaShooter3D\ParcialPracticoShooter3D\Library\PackageCache\com.unity.modules.hierarchycore)
[Subsystems] No new subsystems found in resolved package list.
[Package Manager] Done registering packages in 0.07 seconds
[ScriptCompilation] Requested script compilation because: AssetDatabase observed changes in script compilation related files
Starting: C:\Program Files\Unity\Hub\Editor\6000.5.2f1\Editor\Data\Tools\BuildPipeline\bee_backend.exe --ipc --defer-dag-verification --dagfile="Library/Bee/1900b0aE.dag" --continue-on-failure --profile="Library/Bee/backend1.traceevents" ScriptAssemblies
WorkingDir: C:/Users/USER/Downloads/graficaShooter3D/ParcialPracticoShooter3D
DisplayProgressbar: Compiling Scripts
Starting: C:\Program Files\Unity\Hub\Editor\6000.5.2f1\Editor\Data\netcorerun\netcorerun.exe "C:\Program Files\Unity\Hub\Editor\6000.5.2f1\Editor\Data\Tools\BuildPipeline\ScriptCompilationBuildProgram.exe" "Library/Bee/1900b0aE.dag.json" "Library/Bee/1900b0aE-inputdata.json" "Library\Bee\buildprogram0.traceevents"
WorkingDir: C:/Users/USER/Downloads/graficaShooter3D/ParcialPracticoShooter3D
ExitCode: 4 Duration: 22s
Rebuilding DAG because FileSignature timestamp changed: Library/Bee/1900b0aE-inputdata.json
[BUSY       6s] Csc Library/Bee/artifacts/1900b0aE.dag/Assembly-CSharp-Editor.dll (+2 others)
[BUSY      16s] Csc Library/Bee/artifacts/1900b0aE.dag/Assembly-CSharp-Editor.dll (+2 others)
[237/240   22s] Csc Library/Bee/artifacts/1900b0aE.dag/Assembly-CSharp-Editor.dll (+2 others)
Assets\Editor\ExamSceneBuilder.cs(68,9): warning CS0618: 'NavMeshBuilder' is obsolete: 'UnityEditor NavMeshBuilder has been deprecated. Use UnityEngine.AI.NavMeshBuilder instead.'

Assets\Editor\ExamSceneBuilder.cs(339,74): warning CS0618: 'StaticEditorFlags.NavigationStatic' is obsolete: 'Enum member StaticEditorFlags.NavigationStatic has been deprecated. The precise selection of the objects is now done using NavMeshBuilder.CollectSources() and NavMeshBuildMarkup.'
*** Tundra requires additional run (22.42 seconds), 1 items updated, 236 evaluated
ExitCode: 0 Duration: 14s
Starting: C:\Program Files\Unity\Hub\Editor\6000.5.2f1\Editor\Data\Tools\BuildPipeline\bee_backend.exe --ipc --defer-dag-verification --dagfile="Library/Bee/1900b0aE.dag" --continue-on-failure --dagfilejson="Library\Bee\1900b0aE.dag.json" --profile="Library/Bee/backend2.traceevents" ScriptAssemblies
WorkingDir: C:/Users/USER/Downloads/graficaShooter3D/ParcialPracticoShooter3D
ExitCode: 0 Duration: 0s256ms
Finished compiling graph: 243 nodes, 2189 flattened edges (2065 ToBuild, 20 ToUse), maximum node priority 118
[238/240    0s] CopyFiles Library/ScriptAssemblies/Assembly-CSharp-Editor.pdb
[239/240    0s] CopyFiles Library/ScriptAssemblies/Assembly-CSharp-Editor.dll
*** Tundra build success (0.16 seconds), 2 items updated, 240 evaluated
Assets\Editor\ExamSceneBuilder.cs(68,9): warning CS0618: 'NavMeshBuilder' is obsolete: 'UnityEditor NavMeshBuilder has been deprecated. Use UnityEngine.AI.NavMeshBuilder instead.'
Assets\Editor\ExamSceneBuilder.cs(339,74): warning CS0618: 'StaticEditorFlags.NavigationStatic' is obsolete: 'Enum member StaticEditorFlags.NavigationStatic has been deprecated. The precise selection of the objects is now done using NavMeshBuilder.CollectSources() and NavMeshBuildMarkup.'
AssetDatabase: script compilation time: 40.523418s
Total cache size 34887064
Total cache size after purge 34887064, took 00:00:00.2046621
Begin MonoManager ReloadAssembly
Native extension for WindowsStandalone target not found
Native extension for WebGL target not found
ScheduleIndexationOnStartup MainProcess:True IndexOnStartup:True
Mono: successfully reloaded assembly
- Finished resetting the current domain, in  1.264 seconds
Domain Reload Profiling: 2766ms
	BeginReloadAssembly (607ms)
		DisableScriptedObjects (78ms)
		CreateAndSetChildDomain (99ms)
	RebuildCommonClasses (23ms)
	RebuildNativeTypeToScriptingClass (43ms)
	initialDomainReloadingComplete (102ms)
	LoadAllAssembliesAndSetupDomain (717ms)
		LoadAssemblies (696ms)
		AnalyzeDomain (58ms)
			TypeCache.Refresh (30ms)
				TypeCache.ScanAssembly (18ms)
			BuildScriptInfoCaches (19ms)
			ResolveRequiredComponents (3ms)
	FinalizeReload (1273ms)
		SetupLoadedEditorAssemblies (0ms)
			InitializePlatformSupportModulesInManaged (8ms)
			BeforeProcessingInitializeOnLoad (270ms)
			ProcessInitializeOnLoadAttributes (220ms)
			ProcessInitializeOnLoadMethodAttributes (255ms)
			AfterProcessingInitializeOnLoad (14ms)
		AwakeInstancesAfterBackupRestoration (69ms)
Starting new worker id: 0 with log in C:/Users/USER/Downloads/graficaShooter3D/ParcialPracticoShooter3D/Logs/AssetImportWorkerHW0.log

Asset Pipeline Refresh (id=de37bf61875d00240bd95e09b26fae9c): Total: 52.247 seconds - Initiated by InitialRefreshV2(ForceSynchronousImport)
	(Values over 0.05ms)
	Summary:
		Imports: total=0 (actual=0, local cache=0, cache server=0)
		Asset DB Process Time: managed=0 ms, native=9671 ms
		Asset DB Callback time: managed=209 ms, native=255 ms
		Scripting: domain reloads=1, domain reload time=1560 ms, compile time=40530 ms, other=19 ms
		Project Asset Count: scripts=205, non-scripts=137
		Asset File Changes: new=0, changed=1, moved=0, deleted=0
		Scan Filter Count: 0
	InvokePackagesCallback: 245.444ms
	ApplyChangesToAssetFolders: 1.162ms
	Scan: 213.608ms
	Collect global state as custom dependencies: 2.035ms
	OnSourceAssetsModified: 2.285ms
	CategorizeScriptCompilationAssets: 3.778ms
	ProcessAssetsWithTransientArtifactChanges: 24.598ms
	CategorizeAssets: 9.578ms
	CompileScripts: 40530.357ms
	ImportOutOfDateAssets: 1508.193ms (1281.309ms without children)
		UnloadImportedAssets: 0.224ms
		EnsureUptoDateAssetsAreRegisteredWithGuidPM: 0.183ms
		ImportSchedulerStart: 226.470ms
	PostProcessAllAssets: 216.615ms
		VCAutoAddAssetPostprocess 4.919ms
		WindowTitlePostprocess 0.377ms
		ShaderAssetModifiedCallback 0.330ms
		PostProcessCallbackCreateDeferredMaterials 0.233ms
		MonoPostProcessAllAssets: 207.537ms
			StyleCatalogPostProcessor.OnPostprocessAllAssets 64.050ms
			AssetPostprocessor.OnPostprocessAllAssets 46.255ms
			WindowAssetPostprocessingWatcher.OnPostprocessAllAssets 26.636ms
			BuilderAssetPostprocessor.OnPostprocessAllAssets 18.649ms
			SyncVS.PostprocessSyncProject 5.574ms
			AssetChangedListener.OnPostprocessAllAssets 5.328ms
			RetainedModeAssetPostprocessor.OnPostprocessAllAssets 3.800ms
			SpeedTree9Postprocessor.OnPostprocessAllAssets 2.240ms
			TextAssetPostProcessor.OnPostprocessAllAssets 1.878ms
			ArtifactBrowserPostProcessor.OnPostprocessAllAssets 1.730ms
			TMPro_TexturePostProcessor.OnPostprocessAllAssets 1.455ms
			ReferencedClipsPostProcessor.OnPostprocessAllAssets 0.922ms
			TerrainToolbarOverlayPostProcessor.OnPostprocessAllAssets 0.907ms
			SpeedTreePostProcessor.OnPostprocessAllAssets 0.747ms
			AudioMixerPostprocessor.OnPostprocessAllAssets 0.705ms
			AssetDatabaseCallbacks.OnPostprocessAllAssets 0.647ms
			AssetEvents.OnPostprocessAllAssets 0.627ms
			ScenarioDriftAssetsTracker.OnPostprocessAllAssets 0.530ms
			ConfigAssetsTracker.OnPostprocessAllAssets 0.381ms
			RenderPipelineGlobalSettingsPostprocessor.OnPostprocessAllAssets 0.277ms
			AudioContainerPostProcessor.OnPostprocessAllAssets 0.212ms
	PostAssetChangesProfiler: 5.282ms
	UnloadStreamsBegin: 4.199ms
	GenerateScriptTypeHashes: 1.590ms
	GenerateScriptTypeSerializationHashes: 3.822ms
	Untracked: 9461.309ms

Application.AssetDatabase Initial Refresh End
Scanning for USB devices : 2.912ms
Initializing Unity extensions:
[MODES] ModeService[none].Initialize
[MODES] ModeService[none].LoadModes
[MODES] Loading mode Default (0) for mode-current-id-Parcial Practico Shooter 3D
Unloading 3 Unused Serialized files (Serialized files now loaded: 0)
Unloading 445 unused Assets / (0.6 MB). Loaded Objects now: 1092.
Memory consumption went from 193.0 MB to 192.3 MB.
Total: 13.960200 ms (FindLiveObjects: 0.200800 ms CreateObjectMapping: 0.155200 ms MarkObjects: 12.721800 ms  DeleteObjects: 0.641700 ms)

Unloading 1 Unused Serialized files (Serialized files now loaded: 0)
Unloading 0 unused Assets / (2.2 KB). Loaded Objects now: 1094.
Memory consumption went from 187.5 MB to 187.5 MB.
Total: 10.634200 ms (FindLiveObjects: 0.105200 ms CreateObjectMapping: 0.074500 ms MarkObjects: 10.431600 ms  DeleteObjects: 0.019300 ms)

Launched and connected shader compiler UnityShaderCompiler.exe after 0.23 seconds
EnsureUntitledSceneHasBeenSaved: Automated test that require Untitled scene to be saved should ensure that before test is run. 
UnityEngine.Debug:ExtractStackTraceNoAlloc (byte*,int,string)
UnityEngine.StackTraceUtility:ExtractStackTrace ()
ExamSceneBuilder:Build () (at Assets/Editor/ExamSceneBuilder.cs:68)

[Assets/Editor/ExamSceneBuilder.cs line 68]

Importing 'GUID: 46a9fa2c0556d914a8c767f71598f792 - Path: Assets/Materials/Weapon_Dark.mat' with importer (NativeFormatImporter)
Imported 'GUID: 46a9fa2c0556d914a8c767f71598f792' -> (Import Result ID: 'bcdc45ef2acf0a2cd772973857208723') in 0.048 seconds [static dependencies only]. Details - ImportResultOutputID=bffd169a95d3fba4ed7d122e9d54f8c6 DependenciesID=22d428f63888b33c049396bf3bdac597 StaticDependenciesID=6de784cb1f3562dec705b5ffea90af82 
Importing 'GUID: f6daffffc69419747a4cbd0d760d79bc - Path: Assets/Materials/Wall_Concrete.mat' with importer (NativeFormatImporter)
Imported 'GUID: f6daffffc69419747a4cbd0d760d79bc' -> (Import Result ID: 'dde91c14dc43c893afc76c333f6a51d6') in 0.072 seconds [static dependencies only]. Details - ImportResultOutputID=509af541d60705612d954d42161a3ca4 DependenciesID=7fd8b6f496b8a16a5cbc30bbf2a23457 StaticDependenciesID=efc16987bc610f47a1a0fda1e99a1efd 
Importing 'GUID: 2843a6b85ce3d4b4882ee6b1a70f1140 - Path: Assets/Materials/Pickup_Cross_Red.mat' with importer (NativeFormatImporter)
Imported 'GUID: 2843a6b85ce3d4b4882ee6b1a70f1140' -> (Import Result ID: '5f4c0fe2efc358cf373619cb59e49d38') in 0.035 seconds [static dependencies only]. Details - ImportResultOutputID=756aba356c45f5ac5abe4c8fffa59776 DependenciesID=b2b6ad2f4b796fd10aa0d820ac58f1fb StaticDependenciesID=9d6cd37f298f64fe0f4144157e52418e 
Importing 'GUID: aac0ad1e51b9ab14485a44741d303dbe - Path: Assets/Materials/Floor_Metal.mat' with importer (NativeFormatImporter)
Imported 'GUID: aac0ad1e51b9ab14485a44741d303dbe' -> (Import Result ID: '6fcd81b8613bb313fa8a362ff3590b13') in 0.035 seconds [static dependencies only]. Details - ImportResultOutputID=3e18ae53ae28a222cce821f4214651f6 DependenciesID=a851be5af2a9300a8d5087ed9fbd2128 StaticDependenciesID=fc8cc4ca2b9c3909470b4661728c3369 
Importing 'GUID: aafbb9f1c3405f1418efa95ab684a6e3 - Path: Assets/Materials/Pickup_Health.mat' with importer (NativeFormatImporter)
Imported 'GUID: aafbb9f1c3405f1418efa95ab684a6e3' -> (Import Result ID: '8c40970521e85193c26104606f7b3be6') in 0.036 seconds [static dependencies only]. Details - ImportResultOutputID=718266cda02f90110c183ba481a0cb4e DependenciesID=03f44b0ff17df6550395078dd9eca929 StaticDependenciesID=24d7aa1765ba9b1c9ff54501db1f8d7b 
Importing 'GUID: bee362226963f93428ba601e64bd0798 - Path: Assets/Materials/Enemy_Red.mat' with importer (NativeFormatImporter)
Imported 'GUID: bee362226963f93428ba601e64bd0798' -> (Import Result ID: '689bc945f8b92ca1a17b0d7311333d86') in 0.039 seconds [static dependencies only]. Details - ImportResultOutputID=676ef85c452d407a58f7240680d4476a DependenciesID=c34ba053edd4753a582f434f74842936 StaticDependenciesID=6a122be86415e25d651c4a6abfe68e48 
Importing 'GUID: de9b8efbcc39bc441b59eb44b4f39a69 - Path: Assets/Materials/Exit_Green.mat' with importer (NativeFormatImporter)
Imported 'GUID: de9b8efbcc39bc441b59eb44b4f39a69' -> (Import Result ID: '946066b473446d436ad8d38297f2afca') in 0.048 seconds [static dependencies only]. Details - ImportResultOutputID=2f10f4058595fb34c3911b3161754110 DependenciesID=e00b928106b9852fbccb9fc4c4925b3e StaticDependenciesID=491f9a043543d8f5aead4678c33f642a 

Asset Pipeline Refresh (id=0c3a6b1c4d1266b4f9ed774653c0c929): Total: 0.481 seconds - Initiated by StopAssetImportingV2(NoUpdateAssetOptions)
	(Values over 0.05ms)
	Summary:
		Imports: total=7 (actual=7, local cache=0, cache server=0)
		Asset DB Process Time: managed=4 ms, native=460 ms
		Asset DB Callback time: managed=12 ms, native=3 ms
		Scripting: domain reloads=0, domain reload time=0 ms, compile time=0 ms, other=0 ms
		Project Asset Count: scripts=205, non-scripts=137
		Asset File Changes: new=0, changed=0, moved=0, deleted=0
		Scan Filter Count: 9
	ApplyChangesToAssetFolders: 0.126ms
	Scan: 134.471ms
	Collect global state as custom dependencies: 0.100ms
	CategorizeAssets: 0.213ms
	ImportOutOfDateAssets: 327.804ms (4.201ms without children)
		ImportManagerImport: 320.904ms (5.280ms without children)
			UpdateCategorizedAssets: 0.073ms
		UnloadImportedAssets: 0.322ms
		EnsureUptoDateAssetsAreRegisteredWithGuidPM: 0.096ms
		ImportSchedulerStart: 2.238ms
	PostProcessAllAssets: 13.286ms
		MonoPostProcessAllAssets: 12.488ms
			AssetPostprocessor.OnPostprocessAllAssets 11.026ms
			AssetChangedListener.OnPostprocessAllAssets 0.622ms
			TMPro_TexturePostProcessor.OnPostprocessAllAssets 0.134ms
			TextAssetPostProcessor.OnPostprocessAllAssets 0.095ms
			RenderPipelineGlobalSettingsPostprocessor.OnPostprocessAllAssets 0.078ms
			SyncVS.PostprocessSyncProject 0.069ms
	PostAssetChangesProfiler: 2.310ms
	UnloadStreamsBegin: 0.159ms
	UnloadStreamsEnd: 0.294ms
	Untracked: 1.658ms

Importing 'GUID: 42bf16691c1f1154a84b425f16032db7 - Path: Assets/Scenes/ParcialShooter3D.unity' with importer (DefaultImporter)
Imported 'GUID: 42bf16691c1f1154a84b425f16032db7' -> (Import Result ID: '154cd0fe9be078a5bb53399df7771576') in 0.043 seconds [static dependencies only]. Details - ImportResultOutputID=99f74e7c280a31cce6380ed072dd0aad DependenciesID=fc4b43bfeb968b929dd730baa6e6378a StaticDependenciesID=2959581b0d49f46f465d9a37a7747f2e 
Asset Pipeline Refresh (id=5b77dac0ce2311640b017a7c38204236): Total: 0.094 seconds - Initiated by StopAssetImportingV2(NoUpdateAssetOptions)
Asset Pipeline Refresh (id=23f45f7242a96f04e863f68b32973f9b): Total: 0.031 seconds - Initiated by RefreshV2(NoUpdateAssetOptions)
[Licensing::Client] Successfully resolved entitlement details
Batchmode quit successfully invoked - shutting down!
Curl error 42: Callback aborted
[Physics::Module] Cleanup current backend.
[Physics::Module] Id: 0xf2b8ea05
Input System module state changed to: ShutdownInProgress.
Input Polling Thread exited.
Input System module state changed to: Shutdown.
[Licensing::IpcConnector] LicenseClient-USER-6000.5.2-notifications channel disconnected successfully.
[Licensing::IpcConnector] LicenseClient-USER-6000.5.2 channel disconnected successfully.
AcceleratorClientConnectionCallback - disconnected - :0
Cleanup mono
CodeReloadManager destroyed
Exiting batchmode successfully now!
Exiting without the bug reporter. Application will terminate with return code 0