[Licensing::Module] Trying to connect to existing licensing client channel...
Built from '6000.5/staging' branch; Version is '6000.5.2f1 (eb73d3b415a1) revision 15430611'; Using compiler version '194234433'; Build Type 'Release'
[Licensing::IpcConnector] Successfully connected to: "LicenseClient-USER" at "2026-07-09T01:38:20.2838302Z"
OS: 'Windows 11  (10.0.26200) Professional' Language: 'es' Physical Memory: 16076 MB
BatchMode: 1, IsHumanControllingUs: 0, StartBugReporterOnCrash: 0, Is64bit: 1
System  architecture: x64
Process architecture: x64
Date: 2026-07-09T01:38:20Z
[Licensing::Client] Error: HandshakeResponse reported an error:
	ResponseCode: 505
	ResponseStatus: Unsupported protocol version '1.18.1'.
[Licensing::Module] Error: Failed to handshake to channel: "LicenseClient-USER"
[Licensing::IpcConnector] LicenseClient-USER channel disconnected successfully.
[Licensing::IpcConnector] Channel LicenseClient-USER-6000.5.2 doesn't exist
[Licensing::Module] Successfully launched the LicensingClient (PId: 59864)

COMMAND LINE ARGUMENTS:
C:\Program Files\Unity\Hub\Editor\6000.5.2f1\Editor\Unity.exe
-batchmode
-quit
-nographics
-projectPath
C:\Users\USER\Downloads\graficaShooter3D\ParcialPracticoShooter3D
-executeMethod
ExamSceneBuilder.Build
-logFile
C:\Users\USER\Downloads\graficaShooter3D\ParcialPracticoShooter3D\unity-build-sounds.log
Successfully changed project path to: C:\Users\USER\Downloads\graficaShooter3D\ParcialPracticoShooter3D
C:/Users/USER/Downloads/graficaShooter3D/ParcialPracticoShooter3D
[UnityMemory] Configuration Parameters - Can be set up in boot.config
    "memorysetup-temp-allocator-size-gi-baking-worker=262144"
    "memorysetup-temp-allocator-size-gi-baking-worker=262144"
    "memorysetup-temp-allocator-size-gi-baking-worker=262144"
    "memorysetup-temp-allocator-size-gi-baking-worker=262144"
    "memorysetup-temp-allocator-size-gi-baking-worker=262144"
    "memorysetup-temp-allocator-size-nav-mesh-worker=65536"
    "memorysetup-temp-allocator-size-audio-worker=65536"
    "memorysetup-temp-allocator-size-cloud-worker=32768"
    "memorysetup-temp-allocator-size-gfx=262144"
    "memorysetup-temp-allocator-size-preload-manager=33554432"
    "memorysetup-allocator-temp-initial-block-size-main=262144"
    "memorysetup-allocator-temp-initial-block-size-worker=262144"
    "memorysetup-temp-allocator-size-job-worker=262144"
    "memorysetup-temp-allocator-size-background-worker=32768"
    "memorysetup-bucket-allocator-granularity=16"
    "memorysetup-bucket-allocator-bucket-count=8"
    "memorysetup-bucket-allocator-block-size=33554432"
    "memorysetup-bucket-allocator-block-count=8"
    "memorysetup-main-allocator-block-size=16777216"
    "memorysetup-thread-allocator-block-size=16777216"
    "memorysetup-main-allocator-mimalloc-enabled=0"
    "memorysetup-gfx-main-allocator-block-size=16777216"
    "memorysetup-gfx-thread-allocator-block-size=16777216"
    "memorysetup-cache-allocator-block-size=4194304"
    "memorysetup-typetree-allocator-block-size=2097152"
    "memorysetup-profiler-bucket-allocator-granularity=16"
    "memorysetup-profiler-bucket-allocator-bucket-count=8"
    "memorysetup-profiler-bucket-allocator-block-size=33554432"
    "memorysetup-profiler-bucket-allocator-block-count=8"
    "memorysetup-profiler-allocator-block-size=16777216"
    "memorysetup-profiler-editor-allocator-block-size=1048576"
    "memorysetup-temp-allocator-size-main=16777216"
    "memorysetup-job-temp-allocator-block-size=2097152"
    "memorysetup-job-temp-allocator-block-size-background=1048576"
    "memorysetup-job-temp-allocator-reduction-small-platforms=262144"
Logging is directed to a specific file, skipping project log.Player connection [56048]  Target information:

Player connection [56048]  * "[IP] 172.23.16.1 [Port] 55504 [Flags] 2 [Guid] 240749991 [EditorId] 240749991 [Version] 1048832 [Id] WindowsEditor(7,DESKTOP-9060AH3) [Debug] 1 [PackageName] WindowsEditor [ProjectName] Editor" 

Player connection [56048]  * "[IP] 172.29.0.1 [Port] 55504 [Flags] 2 [Guid] 240749991 [EditorId] 240749991 [Version] 1048832 [Id] WindowsEditor(7,DESKTOP-9060AH3) [Debug] 1 [PackageName] WindowsEditor [ProjectName] Editor" 

Player connection [56048]  * "[IP] 192.168.1.35 [Port] 55504 [Flags] 2 [Guid] 240749991 [EditorId] 240749991 [Version] 1048832 [Id] WindowsEditor(7,DESKTOP-9060AH3) [Debug] 1 [PackageName] WindowsEditor [ProjectName] Editor" 

Player connection [56048] Host joined multi-casting on [225.0.0.222:54997]...
Player connection [56048] Host joined alternative multi-casting on [225.0.0.222:34997]...
Input System module state changed to: Initialized.
[Physics::Module] Initialized fallback backend.
[Physics::Module] Id: 0xdecafbad
[Package Manager] Connected to IPC stream "Upm-59604" after 0.6 seconds.
[Licensing::Module] Licensing is not yet initialized.
[Licensing::IpcConnector] Successfully connected to: "LicenseClient-USER-6000.5.2" at "2026-07-09T01:38:37.8393445Z"
[Licensing::Client] Code 10 while verifying Licensing Client signature (process Id: 59864, path: "C:/Program Files/Unity/Hub/Editor/6000.5.2f1/Editor/Data/Resources/Licensing/Client/Unity.Licensing.Client.exe")
[Licensing::Module] LicensingClient has failed validation; ignoring
[Licensing::Client] Handshaking with LicensingClient:
  Version:                 1.18.1+9fbee8e
  Session Id:              56e03e7bd18f48c1be0ea4b736c9bb20
  Correlation Id:          e7ec16ccdb06c98bab08d777d2c018ae
  External correlation Id: 5650241837485185315
  Machine Id:              7+DC0Klvk6dTU7So1fNBXYeXDRU=
[Licensing::Module] Successfully connected to LicensingClient on channel: "LicenseClient-USER-6000.5.2" (connect: 14.77s, validation: 0.77s, handshake: 0.06s)
[Licensing::IpcConnector] Successfully connected to: "LicenseClient-USER-6000.5.2-notifications" at "2026-07-09T01:38:38.6728863Z"
[Licensing::Module] Connected to LicensingClient (PId: 59864, launch time: 0.20, total connection time: 15.60s)
[Licensing::Module] Error: Access token is unavailable; failed to update
[Licensing::Client] Successfully resolved entitlement details
[Licensing::Module] License group:
  Id: 4673385707227-UnityPersXXXX
  Product: Unity Personal
  Type: Assigned
  Expiration: Unlimited
[Licensing::Client] Successfully updated license, isAsync: True, time: 0.02
[Licensing::Client] Successfully resolved entitlement details
[Licensing::Module] Licensing Background thread has ended after 18.45s
[Licensing::Module] Licensing is initialized (took 12.58s).
[Licensing::Client] Successfully resolved entitlement details
Library Redirect Path: Library/
[Physics::Module] Selected backend.
[Physics::Module] Name: PhysX
[Physics::Module] Id: 0xf2b8ea05
[Physics::Module] SDK Version: 4.1.2
[Physics::Module] Integration Version: 1.0.0
[Physics::Module] Threading Mode: Multi-Threaded
Artifact Garbage Collection - Removed 2 unused hashed content files
Initialize engine version: 6000.5.2f1 (eb73d3b415a1)
[Subsystems] Discovering subsystems at path C:/Program Files/Unity/Hub/Editor/6000.5.2f1/Editor/Data/Resources/UnitySubsystems
[Subsystems] Discovering subsystems at path C:/Users/USER/Downloads/graficaShooter3D/ParcialPracticoShooter3D/Assets
Forcing GfxDevice: Null
GfxDevice: creating device client; kGfxThreadingModeNonThreaded
NullGfxDevice:
    Version:  NULL 1.0 [1.0]
    Renderer: Null Device
    Vendor:   Unity Technologies
Initialize mono
Mono path[0] = 'C:/Program Files/Unity/Hub/Editor/6000.5.2f1/Editor/Data/Managed'
Mono path[1] = 'C:/Program Files/Unity/Hub/Editor/6000.5.2f1/Editor/Data/BCLExtensions/runtime/netstandard2.1'
Mono path[2] = 'C:/Program Files/Unity/Hub/Editor/6000.5.2f1/Editor/Data/MonoBleedingEdge/lib/mono/unityjit-win32'
Mono config path = 'C:/Program Files/Unity/Hub/Editor/6000.5.2f1/Editor/Data/MonoBleedingEdge/etc'
Using monoOptions --debugger-agent=transport=dt_socket,embedding=1,server=y,suspend=n,address=127.0.0.1:56604
CodeReloadManager initialized
ImportWorker Server TCP listen port: 0
AcceleratorClientConnectionCallback - disconnected - :0
Begin MonoManager ReloadAssembly
Registering precompiled unity dll's ...
Register platform support module: C:/Program Files/Unity/Hub/Editor/6000.5.2f1/Editor/Data/PlaybackEngines/WebGLSupport/UnityEditor.WebGL.Extensions.dll
Register platform support module: C:/Program Files/Unity/Hub/Editor/6000.5.2f1/Editor/Data/PlaybackEngines/WindowsStandaloneSupport/UnityEditor.WindowsStandalone.Extensions.dll
Registered in 3.030877 seconds.
Native extension for WindowsStandalone target not found
Native extension for WebGL target not found
Package Manager log level set to [2]
ScheduleIndexationOnStartup MainProcess:False IndexOnStartup:True
Mono: successfully reloaded assembly
- Finished resetting the current domain, in  0.943 seconds
Domain Reload Profiling: 16395ms
	BeginReloadAssembly (1154ms)
		CreateAndSetChildDomain (18ms)
	RebuildCommonClasses (10ms)
	RebuildNativeTypeToScriptingClass (1055ms)
	initialDomainReloadingComplete (3831ms)
	LoadAllAssembliesAndSetupDomain (9397ms)
		LoadAssemblies (1151ms)
		AnalyzeDomain (9220ms)
			TypeCache.Refresh (9216ms)
				TypeCache.ScanAssembly (7417ms)
	FinalizeReload (949ms)
		SetupLoadedEditorAssemblies (0ms)
			InitializePlatformSupportModulesInManaged (5ms)
			BeforeProcessingInitializeOnLoad (181ms)
			ProcessInitializeOnLoadAttributes (248ms)
			ProcessInitializeOnLoadMethodAttributes (373ms)
[Licensing::Client] Successfully resolved entitlement details
Application.AssetDatabase Initial Refresh Start
[Package Manager] Restoring resolved packages state from cache
[Licensing::Client] Successfully resolved entitlement details
[Package Manager] Registered 38 packages:
  Built-in packages:
    com.unity.multiplayer.center@1.0.1 (location: C:\Users\USER\Downloads\graficaShooter3D\ParcialPracticoShooter3D\Library\PackageCache\com.unity.multiplayer.center@b860850997d0)
    com.unity.ugui@2.5.0 (location: C:\Users\USER\Downloads\graficaShooter3D\ParcialPracticoShooter3D\Library\PackageCache\com.unity.ugui@3d1ea40b73ef)
    com.unity.modules.accessibility@1.0.0 (location: C:\Users\USER\Downloads\graficaShooter3D\ParcialPracticoShooter3D\Library\PackageCache\com.unity.modules.accessibility)
    com.unity.modules.adaptiveperformance@1.0.0 (location: C:\Users\USER\Downloads\graficaShooter3D\ParcialPracticoShooter3D\Library\PackageCache\com.unity.modules.adaptiveperformance)
    com.unity.modules.ai@1.0.0 (location: C:\Users\USER\Downloads\graficaShooter3D\ParcialPracticoShooter3D\Library\PackageCache\com.unity.modules.ai)
    com.unity.modules.androidjni@1.0.0 (location: C:\Users\USER\Downloads\graficaShooter3D\ParcialPracticoShooter3D\Library\PackageCache\com.unity.modules.androidjni)
    com.unity.modules.animation@1.0.0 (location: C:\Users\USER\Downloads\graficaShooter3D\ParcialPracticoShooter3D\Library\PackageCache\com.unity.modules.animation)
    com.unity.modules.assetbundle@1.0.0 (location: C:\Users\USER\Downloads\graficaShooter3D\ParcialPracticoShooter3D\Library\PackageCache\com.unity.modules.assetbundle)
    com.unity.modules.audio@1.0.0 (location: C:\Users\USER\Downloads\graficaShooter3D\ParcialPracticoShooter3D\Library\PackageCache\com.unity.modules.audio)
    com.unity.modules.cloth@1.0.0 (location: C:\Users\USER\Downloads\graficaShooter3D\ParcialPracticoShooter3D\Library\PackageCache\com.unity.modules.cloth)
    com.unity.modules.director@1.0.0 (location: C:\Users\USER\Downloads\graficaShooter3D\ParcialPracticoShooter3D\Library\PackageCache\com.unity.modules.director)
    com.unity.modules.imageconversion@1.0.0 (location: C:\Users\USER\Downloads\graficaShooter3D\ParcialPracticoShooter3D\Library\PackageCache\com.unity.modules.imageconversion)
    com.unity.modules.imgui@1.0.0 (location: C:\Users\USER\Downloads\graficaShooter3D\ParcialPracticoShooter3D\Library\PackageCache\com.unity.modules.imgui)
    com.unity.modules.jsonserialize@1.0.0 (location: C:\Users\USER\Downloads\graficaShooter3D\ParcialPracticoShooter3D\Library\PackageCache\com.unity.modules.jsonserialize)
    com.unity.modules.particlesystem@1.0.0 (location: C:\Users\USER\Downloads\graficaShooter3D\ParcialPracticoShooter3D\Library\PackageCache\com.unity.modules.particlesystem)
    com.unity.modules.physics@1.0.0 (location: C:\Users\USER\Downloads\graficaShooter3D\ParcialPracticoShooter3D\Library\PackageCache\com.unity.modules.physics)
    com.unity.modules.physics2d@1.0.0 (location: C:\Users\USER\Downloads\graficaShooter3D\ParcialPracticoShooter3D\Library\PackageCache\com.unity.modules.physics2d)
    com.unity.modules.physicscore2d@1.0.0 (location: C:\Users\USER\Downloads\graficaShooter3D\ParcialPracticoShooter3D\Library\PackageCache\com.unity.modules.physicscore2d)
    com.unity.modules.screencapture@1.0.0 (location: C:\Users\USER\Downloads\graficaShooter3D\ParcialPracticoShooter3D\Library\PackageCache\com.unity.modules.screencapture)
    com.unity.modules.terrain@1.0.0 (location: C:\Users\USER\Downloads\graficaShooter3D\ParcialPracticoShooter3D\Library\PackageCache\com.unity.modules.terrain)
    com.unity.modules.terrainphysics@1.0.0 (location: C:\Users\USER\Downloads\graficaShooter3D\ParcialPracticoShooter3D\Library\PackageCache\com.unity.modules.terrainphysics)
    com.unity.modules.tilemap@1.0.0 (location: C:\Users\USER\Downloads\graficaShooter3D\ParcialPracticoShooter3D\Library\PackageCache\com.unity.modules.tilemap)
    com.unity.modules.ui@1.0.0 (location: C:\Users\USER\Downloads\graficaShooter3D\ParcialPracticoShooter3D\Library\PackageCache\com.unity.modules.ui)
    com.unity.modules.uielements@1.0.0 (location: C:\Users\USER\Downloads\graficaShooter3D\ParcialPracticoShooter3D\Library\PackageCache\com.unity.modules.uielements)
    com.unity.modules.umbra@1.0.0 (location: C:\Users\USER\Downloads\graficaShooter3D\ParcialPracticoShooter3D\Library\PackageCache\com.unity.modules.umbra)
    com.unity.modules.unityanalytics@1.0.0 (location: C:\Users\USER\Downloads\graficaShooter3D\ParcialPracticoShooter3D\Library\PackageCache\com.unity.modules.unityanalytics)
    com.unity.modules.unitywebrequest@1.0.0 (location: C:\Users\USER\Downloads\graficaShooter3D\ParcialPracticoShooter3D\Library\PackageCache\com.unity.modules.unitywebrequest)
    com.unity.modules.unitywebrequestassetbundle@1.0.0 (location: C:\Users\USER\Downloads\graficaShooter3D\ParcialPracticoShooter3D\Library\PackageCache\com.unity.modules.unitywebrequestassetbundle)
    com.unity.modules.unitywebrequestaudio@1.0.0 (location: C:\Users\USER\Downloads\graficaShooter3D\ParcialPracticoShooter3D\Library\PackageCache\com.unity.modules.unitywebrequestaudio)
    com.unity.modules.unitywebrequesttexture@1.0.0 (location: C:\Users\USER\Downloads\graficaShooter3D\ParcialPracticoShooter3D\Library\PackageCache\com.unity.modules.unitywebrequesttexture)
    com.unity.modules.unitywebrequestwww@1.0.0 (location: C:\Users\USER\Downloads\graficaShooter3D\ParcialPracticoShooter3D\Library\PackageCache\com.unity.modules.unitywebrequestwww)
    com.unity.modules.vectorgraphics@1.0.0 (location: C:\Users\USER\Downloads\graficaShooter3D\ParcialPracticoShooter3D\Library\PackageCache\com.unity.modules.vectorgraphics)
    com.unity.modules.vehicles@1.0.0 (location: C:\Users\USER\Downloads\graficaShooter3D\ParcialPracticoShooter3D\Library\PackageCache\com.unity.modules.vehicles)
    com.unity.modules.video@1.0.0 (location: C:\Users\USER\Downloads\graficaShooter3D\ParcialPracticoShooter3D\Library\PackageCache\com.unity.modules.video)
    com.unity.modules.wind@1.0.0 (location: C:\Users\USER\Downloads\graficaShooter3D\ParcialPracticoShooter3D\Library\PackageCache\com.unity.modules.wind)
    com.unity.modules.xr@1.0.0 (location: C:\Users\USER\Downloads\graficaShooter3D\ParcialPracticoShooter3D\Library\PackageCache\com.unity.modules.xr)
    com.unity.modules.subsystems@1.0.0 (location: C:\Users\USER\Downloads\graficaShooter3D\ParcialPracticoShooter3D\Library\PackageCache\com.unity.modules.subsystems)
    com.unity.modules.hierarchycore@1.0.0 (location: C:\Users\USER\Downloads\graficaShooter3D\ParcialPracticoShooter3D\Library\PackageCache\com.unity.modules.hierarchycore)
[Subsystems] No new subsystems found in resolved package list.
[Package Manager] Done registering packages in 0.02 seconds
[ScriptCompilation] Requested script compilation because: AssetDatabase observed changes in script compilation related files
Starting: C:\Program Files\Unity\Hub\Editor\6000.5.2f1\Editor\Data\Tools\BuildPipeline\bee_backend.exe --ipc --defer-dag-verification --dagfile="Library/Bee/1900b0aE.dag" --continue-on-failure --profile="Library/Bee/backend1.traceevents" ScriptAssemblies
WorkingDir: C:/Users/USER/Downloads/graficaShooter3D/ParcialPracticoShooter3D
DisplayProgressbar: Compiling Scripts
Starting: C:\Program Files\Unity\Hub\Editor\6000.5.2f1\Editor\Data\netcorerun\netcorerun.exe "C:\Program Files\Unity\Hub\Editor\6000.5.2f1\Editor\Data\Tools\BuildPipeline\ScriptCompilationBuildProgram.exe" "Library/Bee/1900b0aE.dag.json" "Library/Bee/1900b0aE-inputdata.json" "Library\Bee\buildprogram0.traceevents"
WorkingDir: C:/Users/USER/Downloads/graficaShooter3D/ParcialPracticoShooter3D
ExitCode: 4 Duration: 0s480ms
Rebuilding DAG because FileSignature timestamp changed: Library/Bee/1900b0aE-inputdata.json
*** Tundra requires additional run (0.10 seconds), 0 items updated, 11 evaluated
ExitCode: 0 Duration: 9s849ms
Starting: C:\Program Files\Unity\Hub\Editor\6000.5.2f1\Editor\Data\Tools\BuildPipeline\bee_backend.exe --ipc --defer-dag-verification --dagfile="Library/Bee/1900b0aE.dag" --continue-on-failure --dagfilejson="Library\Bee\1900b0aE.dag.json" --profile="Library/Bee/backend2.traceevents" ScriptAssemblies
WorkingDir: C:/Users/USER/Downloads/graficaShooter3D/ParcialPracticoShooter3D
ExitCode: 0 Duration: 21s
Finished compiling graph: 243 nodes, 2189 flattened edges (2065 ToBuild, 20 ToUse), maximum node priority 118
[BUSY       6s] Csc Library/Bee/artifacts/1900b0aE.dag/Assembly-CSharp.dll (+2 others)
[234/240   11s] Csc Library/Bee/artifacts/1900b0aE.dag/Assembly-CSharp.dll (+2 others)
[235/240    0s] CopyFiles Library/ScriptAssemblies/Assembly-CSharp.pdb
[236/240    0s] CopyFiles Library/ScriptAssemblies/Assembly-CSharp.dll
[BUSY       6s] Csc Library/Bee/artifacts/1900b0aE.dag/Assembly-CSharp-Editor.dll (+2 others)
[237/240    8s] Csc Library/Bee/artifacts/1900b0aE.dag/Assembly-CSharp-Editor.dll (+2 others)
Assets\Editor\ExamSceneBuilder.cs(71,9): warning CS0618: 'NavMeshBuilder' is obsolete: 'UnityEditor NavMeshBuilder has been deprecated. Use UnityEngine.AI.NavMeshBuilder instead.'

Assets\Editor\ExamSceneBuilder.cs(315,74): warning CS0618: 'StaticEditorFlags.NavigationStatic' is obsolete: 'Enum member StaticEditorFlags.NavigationStatic has been deprecated. The precise selection of the objects is now done using NavMeshBuilder.CollectSources() and NavMeshBuildMarkup.'
[238/240    0s] CopyFiles Library/ScriptAssemblies/Assembly-CSharp-Editor.pdb
[239/240    0s] CopyFiles Library/ScriptAssemblies/Assembly-CSharp-Editor.dll
*** Tundra build success (20.98 seconds), 6 items updated, 240 evaluated
Assets\Editor\ExamSceneBuilder.cs(71,9): warning CS0618: 'NavMeshBuilder' is obsolete: 'UnityEditor NavMeshBuilder has been deprecated. Use UnityEngine.AI.NavMeshBuilder instead.'
Assets\Editor\ExamSceneBuilder.cs(315,74): warning CS0618: 'StaticEditorFlags.NavigationStatic' is obsolete: 'Enum member StaticEditorFlags.NavigationStatic has been deprecated. The precise selection of the objects is now done using NavMeshBuilder.CollectSources() and NavMeshBuildMarkup.'
Total cache size 34887064
Total cache size after purge 34887064, took 00:00:00.1798505
AssetDatabase: script compilation time: 34.653603s
Begin MonoManager ReloadAssembly
Importing 'GUID: cd685007579edaa4ba03eed4cd97c43f - Path: Assets/Sounds' with importer (DefaultImporter)
Imported 'GUID: cd685007579edaa4ba03eed4cd97c43f' -> (Import Result ID: 'a22c21a34b0a2d70953f798262e4cfd7') in 0.084 seconds [static dependencies only]. Details - ImportResultOutputID=503dd80b4e312304652d8f3e2e6076ee DependenciesID=5fb3b21486638b15a5104ba1a8abf47f StaticDependenciesID=bea0009b43079ffe5b94ea7c16e43954 
Native extension for WindowsStandalone target not found
Native extension for WebGL target not found
ScheduleIndexationOnStartup MainProcess:True IndexOnStartup:True
Mono: successfully reloaded assembly
- Finished resetting the current domain, in  1.205 seconds
Domain Reload Profiling: 2654ms
	BeginReloadAssembly (590ms)
		DisableScriptedObjects (65ms)
		CreateAndSetChildDomain (103ms)
	RebuildCommonClasses (25ms)
	RebuildNativeTypeToScriptingClass (39ms)
	initialDomainReloadingComplete (91ms)
	LoadAllAssembliesAndSetupDomain (689ms)
		LoadAssemblies (627ms)
		AnalyzeDomain (61ms)
			TypeCache.Refresh (30ms)
				TypeCache.ScanAssembly (18ms)
			BuildScriptInfoCaches (21ms)
			ResolveRequiredComponents (5ms)
	FinalizeReload (1220ms)
		SetupLoadedEditorAssemblies (0ms)
			InitializePlatformSupportModulesInManaged (6ms)
			BeforeProcessingInitializeOnLoad (277ms)
			ProcessInitializeOnLoadAttributes (210ms)
			ProcessInitializeOnLoadMethodAttributes (237ms)
			AfterProcessingInitializeOnLoad (12ms)
		AwakeInstancesAfterBackupRestoration (73ms)
Importing 'GUID: 42bf16691c1f1154a84b425f16032db7 - Path: Assets/Scenes/ParcialShooter3D.unity' with importer (DefaultImporter)
Imported 'GUID: 42bf16691c1f1154a84b425f16032db7' -> (Import Result ID: '59aa223861648a14ecf00aa394050423') in 0.055 seconds [static dependencies only]. Details - ImportResultOutputID=99f74e7c280a31cce6380ed072dd0aad DependenciesID=ab4f233e7723abe8197bf2fae6bf01e1 StaticDependenciesID=c45e0f52163e22033efcd6e999b13a79 
Importing 'GUID: d39529831ab20c447b44b6abcf864df2 - Path: Assets/Sounds/Reload_Beep.asset' with importer (NativeFormatImporter)
Imported 'GUID: d39529831ab20c447b44b6abcf864df2' -> (Import Result ID: '55be312af4c2e1e81fb6f3d67cc95877') in 0.005 seconds [static dependencies only]. Details - ImportResultOutputID=1de5ead2bfd8c547d95d0e7c0ce9ca81 DependenciesID=1d7fd3f703f8f90b03a42679ce82b325 StaticDependenciesID=3d942ff3f846d8d9d279b7b6c49f22aa 
Importing 'GUID: b9536f34ed2f3244699806ff3a9ad715 - Path: Assets/Sounds/Shoot_Beep.asset' with importer (NativeFormatImporter)
Imported 'GUID: b9536f34ed2f3244699806ff3a9ad715' -> (Import Result ID: 'b646ee3c4280e93b88904fc0e74ff52d') in 0.002 seconds [static dependencies only]. Details - ImportResultOutputID=a3236b28399554b70502ba1bfeca1606 DependenciesID=5b61daf2305242cf71cec49c7a516d64 StaticDependenciesID=317527a6fd445fab14cc4c93a45897b0 
Importing 'GUID: 4b2750dc87946f34a9109a415493c041 - Path: Assets/Sounds/Heal_Beep.asset' with importer (NativeFormatImporter)
Imported 'GUID: 4b2750dc87946f34a9109a415493c041' -> (Import Result ID: '23283b525bf24c5370215f48e808aa27') in 0.002 seconds [static dependencies only]. Details - ImportResultOutputID=a2402ff21a125677925c23f3e1e17c80 DependenciesID=b147aa4424c1c9585dc4eae6d4a89dc2 StaticDependenciesID=390c3d463cdacb2771dd9768bbb73c99 
Importing 'GUID: ff1434ce43446c249bc835882faa5c6c - Path: Assets/Sounds/Hurt_Beep.asset' with importer (NativeFormatImporter)
Imported 'GUID: ff1434ce43446c249bc835882faa5c6c' -> (Import Result ID: '31f47b764f87607e930608bbad7b8916') in 0.002 seconds [static dependencies only]. Details - ImportResultOutputID=f8b214e36865891db3e5017f1f9f882f DependenciesID=50106818822f587df24d65dc49233692 StaticDependenciesID=f77c9ae545b4ae952cb34c775d4d29a0 
Importing 'GUID: 44c22bc338fde634cb7e6c12e5be6dd8 - Path: Assets/Sounds/README_SONIDOS.md' with importer (TextScriptImporter)
Imported 'GUID: 44c22bc338fde634cb7e6c12e5be6dd8' -> (Import Result ID: 'f6df821bdca8cc2c84184c9f72ee5c64') in 0.006 seconds [static dependencies only]. Details - ImportResultOutputID=b226fca53ffb405833051404c871e08e DependenciesID=0b49d7861d7c694610338a0af3660fee StaticDependenciesID=575c82e79e0b81bc1827ac91a1fae368 
Importing 'GUID: 86fd2d12a434f4c4b9603d090c09b31c - Path: Assets/Sounds/HealSound.mp3' with importer (AudioImporter)
Imported 'GUID: 86fd2d12a434f4c4b9603d090c09b31c' -> (Import Result ID: 'f856cb48bf2e84fc69526bf58df9644e') in 0.742 seconds [static and dynamic dependencies]. Details - ImportResultOutputID=30149e9e5476d9c67ccd53edf9ee8332 DependenciesID=1d44970cdfcb5f8bc743b5c78c3208bb StaticDependenciesID=a823e5014d4423e62d8b9767cdb71d35 
Importing 'GUID: 8e82cd6ab4c60c34a897f8a29703cef2 - Path: Assets/Sounds/hurtSound.mp3' with importer (AudioImporter)
Imported 'GUID: 8e82cd6ab4c60c34a897f8a29703cef2' -> (Import Result ID: '614376f04be3422976ae21bd802fa236') in 0.284 seconds [static and dynamic dependencies]. Details - ImportResultOutputID=91894e712fe88fba6472d92415164c24 DependenciesID=1532a3f76cac7e461c9d7225c3b391f8 StaticDependenciesID=5cb82e36249b05ce55b37b717187157f 
Importing 'GUID: 2f711e55a08dfc9409a395ae9c80bbae - Path: Assets/Sounds/shootSound.mp3' with importer (AudioImporter)
Imported 'GUID: 2f711e55a08dfc9409a395ae9c80bbae' -> (Import Result ID: '2e47f89754c22d9597e3b8ad8eddac83') in 0.189 seconds [static and dynamic dependencies]. Details - ImportResultOutputID=b73cbba47778f264790bef7120350502 DependenciesID=825708f690bf560c05ce6212135a520c StaticDependenciesID=31e13d08842864f67d87a34af1865e7c 
Importing 'GUID: bffa7176e31845a48b591da2f652439d - Path: Assets/Sounds/reloadSound.mp3' with importer (AudioImporter)
Imported 'GUID: bffa7176e31845a48b591da2f652439d' -> (Import Result ID: '6f90d3b82223eaff259c49f2fa7097b2') in 0.248 seconds [static and dynamic dependencies]. Details - ImportResultOutputID=5baf7f442e71f41caa06e0d5ecf7b38b DependenciesID=3410d817b9d6eab2d4e429fdaabfe1e7 StaticDependenciesID=b5e95d9a29496428a8355c67d78b9708 
Starting new worker id: 0 with log in C:/Users/USER/Downloads/graficaShooter3D/ParcialPracticoShooter3D/Logs/AssetImportWorkerHW0.log

Asset Pipeline Refresh (id=c60303755659df74fb56aaa26057f38c): Total: 45.357 seconds - Initiated by InitialRefreshV2(ForceSynchronousImport)
	(Values over 0.05ms)
	Summary:
		Imports: total=11 (actual=11, local cache=0, cache server=0)
		Asset DB Process Time: managed=19 ms, native=8679 ms
		Asset DB Callback time: managed=280 ms, native=198 ms
		Scripting: domain reloads=1, domain reload time=1492 ms, compile time=34664 ms, other=21 ms
		Project Asset Count: scripts=205, non-scripts=145
		Asset File Changes: new=10, changed=14, moved=0, deleted=0
		Scan Filter Count: 0
	InvokePackagesCallback: 189.820ms
	ApplyChangesToAssetFolders: 1.934ms
	Scan: 536.241ms
	Collect global state as custom dependencies: 2.270ms
	OnSourceAssetsModified: 2.526ms
	CategorizeScriptCompilationAssets: 3.831ms
	ProcessAssetsWithTransientArtifactChanges: 22.213ms
	CategorizeAssets: 8.921ms
	CompileScripts: 34664.086ms
	ImportOutOfDateAssets: 2918.868ms (1244.536ms without children)
		ImportManagerImport: 1635.073ms (10.335ms without children)
			UpdateCategorizedAssets: 0.204ms
		UnloadImportedAssets: 0.578ms
		EnsureUptoDateAssetsAreRegisteredWithGuidPM: 0.272ms
		ImportSchedulerStart: 38.366ms
	PostProcessAllAssets: 285.395ms
		VersionControlSettings.HiddenFilePostprocess 0.722ms
		WindowTitlePostprocess 0.444ms
		VCAutoAddAssetPostprocess 0.435ms
		PostProcessCallbackCreateDeferredMaterials 0.371ms
		AssemblyValidation.PostprocessAllAssets 0.139ms
		ShaderAssetModifiedCallback 0.120ms
		RaytracingShaderImportPostprocess 0.086ms
		SpeedTreeImporter.PostprocessAllAssets 0.073ms
		LocalizationDatabase.AssetDatabasePostprocessCallback 0.059ms
		ComputeShaderImportPostprocess 0.057ms
		MonoPostProcessAllAssets: 276.393ms
			StyleCatalogPostProcessor.OnPostprocessAllAssets 75.120ms
			AssetPostprocessor.OnPostprocessAllAssets 59.887ms
			WindowAssetPostprocessingWatcher.OnPostprocessAllAssets 38.773ms
			BuilderAssetPostprocessor.OnPostprocessAllAssets 25.556ms
			AssetChangedListener.OnPostprocessAllAssets 9.254ms
			SyncVS.PostprocessSyncProject 8.578ms
			SpeedTree9Postprocessor.OnPostprocessAllAssets 4.070ms
			RetainedModeAssetPostprocessor.OnPostprocessAllAssets 3.369ms
			TextAssetPostProcessor.OnPostprocessAllAssets 3.087ms
			TMPro_TexturePostProcessor.OnPostprocessAllAssets 2.325ms
			ArtifactBrowserPostProcessor.OnPostprocessAllAssets 2.105ms
			ReferencedClipsPostProcessor.OnPostprocessAllAssets 1.857ms
			AssetEvents.OnPostprocessAllAssets 1.258ms
			AudioMixerPostprocessor.OnPostprocessAllAssets 1.146ms
			TerrainToolbarOverlayPostProcessor.OnPostprocessAllAssets 0.733ms
			AssetDatabaseCallbacks.OnPostprocessAllAssets 0.655ms
			ConfigAssetsTracker.OnPostprocessAllAssets 0.613ms
			ScenarioDriftAssetsTracker.OnPostprocessAllAssets 0.583ms
			SpeedTreePostProcessor.OnPostprocessAllAssets 0.501ms
			RenderPipelineGlobalSettingsPostprocessor.OnPostprocessAllAssets 0.350ms
			AudioContainerPostProcessor.OnPostprocessAllAssets 0.284ms
	PostAssetChangesProfiler: 5.978ms
	UnloadStreamsBegin: 3.122ms
	PersistCurrentRevisions: 0.502ms
	GenerateScriptTypeHashes: 1.962ms
	GenerateScriptTypeSerializationHashes: 3.970ms
	Untracked: 6693.121ms

Application.AssetDatabase Initial Refresh End
Scanning for USB devices : 3.400ms
Initializing Unity extensions:
[MODES] ModeService[none].Initialize
[MODES] ModeService[none].LoadModes
[MODES] Loading mode Default (0) for mode-current-id-Parcial Practico Shooter 3D
Unloading 4 Unused Serialized files (Serialized files now loaded: 0)
Unloading 446 unused Assets / (0.7 MB). Loaded Objects now: 1093.
Memory consumption went from 194.2 MB to 193.5 MB.
Total: 15.273200 ms (FindLiveObjects: 0.160800 ms CreateObjectMapping: 0.167100 ms MarkObjects: 13.917500 ms  DeleteObjects: 0.753500 ms)

Unloading 0 Unused Serialized files (Serialized files now loaded: 0)
Unloading 0 unused Assets / (0 B). Loaded Objects now: 1093.
Memory consumption went from 193.2 MB to 193.2 MB.
Total: 14.638100 ms (FindLiveObjects: 0.113000 ms CreateObjectMapping: 0.078100 ms MarkObjects: 14.432700 ms  DeleteObjects: 0.011300 ms)

Launched and connected shader compiler UnityShaderCompiler.exe after 0.11 seconds
EnsureUntitledSceneHasBeenSaved: Automated test that require Untitled scene to be saved should ensure that before test is run. 
UnityEngine.Debug:ExtractStackTraceNoAlloc (byte*,int,string)
UnityEngine.StackTraceUtility:ExtractStackTrace ()
ExamSceneBuilder:Build () (at Assets/Editor/ExamSceneBuilder.cs:71)

[Assets/Editor/ExamSceneBuilder.cs line 71]

Importing 'GUID: 46a9fa2c0556d914a8c767f71598f792 - Path: Assets/Materials/Weapon_Dark.mat' with importer (NativeFormatImporter)
Imported 'GUID: 46a9fa2c0556d914a8c767f71598f792' -> (Import Result ID: 'bcdc45ef2acf0a2cd772973857208723') in 0.035 seconds [static dependencies only]. Details - ImportResultOutputID=bffd169a95d3fba4ed7d122e9d54f8c6 DependenciesID=22d428f63888b33c049396bf3bdac597 StaticDependenciesID=6de784cb1f3562dec705b5ffea90af82 
Importing 'GUID: f6daffffc69419747a4cbd0d760d79bc - Path: Assets/Materials/Wall_Concrete.mat' with importer (NativeFormatImporter)
Imported 'GUID: f6daffffc69419747a4cbd0d760d79bc' -> (Import Result ID: 'dde91c14dc43c893afc76c333f6a51d6') in 0.039 seconds [static dependencies only]. Details - ImportResultOutputID=509af541d60705612d954d42161a3ca4 DependenciesID=7fd8b6f496b8a16a5cbc30bbf2a23457 StaticDependenciesID=efc16987bc610f47a1a0fda1e99a1efd 
Importing 'GUID: 2843a6b85ce3d4b4882ee6b1a70f1140 - Path: Assets/Materials/Pickup_Cross_Red.mat' with importer (NativeFormatImporter)
Imported 'GUID: 2843a6b85ce3d4b4882ee6b1a70f1140' -> (Import Result ID: '5f4c0fe2efc358cf373619cb59e49d38') in 0.036 seconds [static dependencies only]. Details - ImportResultOutputID=756aba356c45f5ac5abe4c8fffa59776 DependenciesID=b2b6ad2f4b796fd10aa0d820ac58f1fb StaticDependenciesID=9d6cd37f298f64fe0f4144157e52418e 
Importing 'GUID: aac0ad1e51b9ab14485a44741d303dbe - Path: Assets/Materials/Floor_Metal.mat' with importer (NativeFormatImporter)
Imported 'GUID: aac0ad1e51b9ab14485a44741d303dbe' -> (Import Result ID: '6fcd81b8613bb313fa8a362ff3590b13') in 0.033 seconds [static dependencies only]. Details - ImportResultOutputID=3e18ae53ae28a222cce821f4214651f6 DependenciesID=a851be5af2a9300a8d5087ed9fbd2128 StaticDependenciesID=fc8cc4ca2b9c3909470b4661728c3369 
Importing 'GUID: aafbb9f1c3405f1418efa95ab684a6e3 - Path: Assets/Materials/Pickup_Health.mat' with importer (NativeFormatImporter)
Imported 'GUID: aafbb9f1c3405f1418efa95ab684a6e3' -> (Import Result ID: '8c40970521e85193c26104606f7b3be6') in 0.040 seconds [static dependencies only]. Details - ImportResultOutputID=718266cda02f90110c183ba481a0cb4e DependenciesID=03f44b0ff17df6550395078dd9eca929 StaticDependenciesID=24d7aa1765ba9b1c9ff54501db1f8d7b 
Importing 'GUID: bee362226963f93428ba601e64bd0798 - Path: Assets/Materials/Enemy_Red.mat' with importer (NativeFormatImporter)
Imported 'GUID: bee362226963f93428ba601e64bd0798' -> (Import Result ID: '689bc945f8b92ca1a17b0d7311333d86') in 0.037 seconds [static dependencies only]. Details - ImportResultOutputID=676ef85c452d407a58f7240680d4476a DependenciesID=c34ba053edd4753a582f434f74842936 StaticDependenciesID=6a122be86415e25d651c4a6abfe68e48 
Importing 'GUID: de9b8efbcc39bc441b59eb44b4f39a69 - Path: Assets/Materials/Exit_Green.mat' with importer (NativeFormatImporter)
Imported 'GUID: de9b8efbcc39bc441b59eb44b4f39a69' -> (Import Result ID: '946066b473446d436ad8d38297f2afca') in 0.039 seconds [static dependencies only]. Details - ImportResultOutputID=2f10f4058595fb34c3911b3161754110 DependenciesID=e00b928106b9852fbccb9fc4c4925b3e StaticDependenciesID=491f9a043543d8f5aead4678c33f642a 

Asset Pipeline Refresh (id=5c8b770631d3d3e47a80ad5933e11e13): Total: 0.331 seconds - Initiated by StopAssetImportingV2(NoUpdateAssetOptions)
	(Values over 0.05ms)
	Summary:
		Imports: total=7 (actual=7, local cache=0, cache server=0)
		Asset DB Process Time: managed=1 ms, native=314 ms
		Asset DB Callback time: managed=11 ms, native=3 ms
		Scripting: domain reloads=0, domain reload time=0 ms, compile time=0 ms, other=0 ms
		Project Asset Count: scripts=205, non-scripts=145
		Asset File Changes: new=0, changed=0, moved=0, deleted=0
		Scan Filter Count: 9
	ApplyChangesToAssetFolders: 0.171ms
	Scan: 38.807ms
	Collect global state as custom dependencies: 0.121ms
	CategorizeAssets: 0.310ms
	ImportOutOfDateAssets: 273.443ms (4.226ms without children)
		ImportManagerImport: 265.856ms (3.130ms without children)
			UpdateCategorizedAssets: 0.082ms
		UnloadImportedAssets: 0.470ms
		EnsureUptoDateAssetsAreRegisteredWithGuidPM: 0.121ms
		ImportSchedulerStart: 2.724ms
	PostProcessAllAssets: 12.539ms
		MonoPostProcessAllAssets: 11.733ms
			AssetPostprocessor.OnPostprocessAllAssets 10.700ms
			TMPro_TexturePostProcessor.OnPostprocessAllAssets 0.134ms
			RenderPipelineGlobalSettingsPostprocessor.OnPostprocessAllAssets 0.100ms
			AssetChangedListener.OnPostprocessAllAssets 0.089ms
			TextAssetPostProcessor.OnPostprocessAllAssets 0.070ms
			SyncVS.PostprocessSyncProject 0.068ms
	PostAssetChangesProfiler: 2.231ms
	GatherAllCurrentPrimaryImportResultRevisions: 0.055ms
	UnloadStreamsBegin: 0.180ms
	UnloadStreamsEnd: 0.372ms
	Untracked: 2.134ms

Importing 'GUID: 42bf16691c1f1154a84b425f16032db7 - Path: Assets/Scenes/ParcialShooter3D.unity' with importer (DefaultImporter)
Imported 'GUID: 42bf16691c1f1154a84b425f16032db7' -> (Import Result ID: '678c3e044b9402574820a10be61bfe35') in 0.002 seconds [static dependencies only]. Details - ImportResultOutputID=99f74e7c280a31cce6380ed072dd0aad DependenciesID=81e42f73d2d1824e022f4917fd6e9997 StaticDependenciesID=d8a822a0526ec6dd1214bd9b15be158b 
Asset Pipeline Refresh (id=0f15a12806bebe7488a431f6d845919c): Total: 0.058 seconds - Initiated by StopAssetImportingV2(NoUpdateAssetOptions)
Asset Pipeline Refresh (id=dfb54b6aa20249c49917a469a002c7ee): Total: 0.032 seconds - Initiated by RefreshV2(NoUpdateAssetOptions)
[Licensing::Client] Successfully resolved entitlement details
Batchmode quit successfully invoked - shutting down!
[Physics::Module] Cleanup current backend.
[Physics::Module] Id: 0xf2b8ea05
Input System module state changed to: ShutdownInProgress.
Input Polling Thread exited.
Input System module state changed to: Shutdown.
[Licensing::IpcConnector] LicenseClient-USER-6000.5.2-notifications channel disconnected successfully.
[Licensing::IpcConnector] LicenseClient-USER-6000.5.2 channel disconnected successfully.
AcceleratorClientConnectionCallback - disconnected - :0
Cleanup mono
CodeReloadManager destroyed
Exiting batchmode successfully now!
Exiting without the bug reporter. Application will terminate with return code 0