[Licensing::Module] Trying to connect to existing licensing client channel...
Built from '6000.5/staging' branch; Version is '6000.5.2f1 (eb73d3b415a1) revision 15430611'; Using compiler version '194234433'; Build Type 'Release'
OS: 'Windows 11  (10.0.26200) Professional' Language: 'es' Physical Memory: 16076 MB
[Licensing::IpcConnector] Successfully connected to: "LicenseClient-USER" at "2026-07-11T05:58:23.7604074Z"
BatchMode: 1, IsHumanControllingUs: 0, StartBugReporterOnCrash: 0, Is64bit: 1
System  architecture: x64
Process architecture: x64
Date: 2026-07-11T05:58:23Z

COMMAND LINE ARGUMENTS:
C:\Program Files\Unity\Hub\Editor\6000.5.2f1\Editor\Unity.exe
-adb2
-batchMode
-noUpm
-name
AssetImportWorkerHW1
-projectPath
C:/Users/USER/Downloads/graficaShooter3D/ParcialPracticoShooter3D
-logFile
Logs/AssetImportWorkerHW1.log
-srvPort
51931
-parentPid
70244
-analyticsCloudUserId
4673385707227
-analyticsLocalProjectId
ace9f92f737f04bd2879bcc1e2338d9b
-licensingIpc
LicenseClient-USER
-noDiagnosticSwitchPersistentStore
-job-worker-count
5
-background-job-worker-count
8
-asset-garbage-collectors
1
-force-d3d12
-name
AssetImport
Successfully changed project path to: C:/Users/USER/Downloads/graficaShooter3D/ParcialPracticoShooter3D
C:/Users/USER/Downloads/graficaShooter3D/ParcialPracticoShooter3D
[UnityMemory] Configuration Parameters - Can be set up in boot.config
    "memorysetup-temp-allocator-size-gi-baking-worker=262144"
    "memorysetup-temp-allocator-size-gi-baking-worker=262144"
    "memorysetup-temp-allocator-size-gi-baking-worker=262144"
    "memorysetup-temp-allocator-size-gi-baking-worker=262144"
    "memorysetup-temp-allocator-size-gi-baking-worker=262144"
    "memorysetup-temp-allocator-size-nav-mesh-worker=65536"
    "memorysetup-temp-allocator-size-audio-worker=65536"
    "memorysetup-temp-allocator-size-cloud-worker=32768"
    "memorysetup-temp-allocator-size-gfx=262144"
    "memorysetup-temp-allocator-size-preload-manager=33554432"
    "memorysetup-allocator-temp-initial-block-size-main=262144"
    "memorysetup-allocator-temp-initial-block-size-worker=262144"
    "memorysetup-temp-allocator-size-job-worker=262144"
    "memorysetup-temp-allocator-size-background-worker=32768"
    "memorysetup-bucket-allocator-granularity=16"
    "memorysetup-bucket-allocator-bucket-count=8"
    "memorysetup-bucket-allocator-block-size=33554432"
    "memorysetup-bucket-allocator-block-count=8"
    "memorysetup-main-allocator-block-size=16777216"
    "memorysetup-thread-allocator-block-size=16777216"
    "memorysetup-main-allocator-mimalloc-enabled=0"
    "memorysetup-gfx-main-allocator-block-size=16777216"
    "memorysetup-gfx-thread-allocator-block-size=16777216"
    "memorysetup-cache-allocator-block-size=4194304"
    "memorysetup-typetree-allocator-block-size=2097152"
    "memorysetup-profiler-bucket-allocator-granularity=16"
    "memorysetup-profiler-bucket-allocator-bucket-count=8"
    "memorysetup-profiler-bucket-allocator-block-size=33554432"
    "memorysetup-profiler-bucket-allocator-block-count=8"
    "memorysetup-profiler-allocator-block-size=16777216"
    "memorysetup-profiler-editor-allocator-block-size=1048576"
    "memorysetup-temp-allocator-size-main=16777216"
    "memorysetup-job-temp-allocator-block-size=2097152"
    "memorysetup-job-temp-allocator-block-size-background=1048576"
    "memorysetup-job-temp-allocator-reduction-small-platforms=262144"
Player connection [19256]  Target information:

Player connection [19256]  * "[IP] 172.23.16.1 [Port] 0 [Flags] 2 [Guid] 456147165 [EditorId] 456147165 [Version] 1048832 [Id] WindowsEditor(7,DESKTOP-9060AH3) [Debug] 1 [PackageName] WindowsEditor [ProjectName] Editor" 

Player connection [19256]  * "[IP] 172.29.0.1 [Port] 0 [Flags] 2 [Guid] 456147165 [EditorId] 456147165 [Version] 1048832 [Id] WindowsEditor(7,DESKTOP-9060AH3) [Debug] 1 [PackageName] WindowsEditor [ProjectName] Editor" 

Player connection [19256]  * "[IP] 192.168.1.44 [Port] 0 [Flags] 2 [Guid] 456147165 [EditorId] 456147165 [Version] 1048832 [Id] WindowsEditor(7,DESKTOP-9060AH3) [Debug] 1 [PackageName] WindowsEditor [ProjectName] Editor" 

Player connection [19256] Host joined multi-casting on [225.0.0.222:54997]...
Player connection [19256] Host joined alternative multi-casting on [225.0.0.222:34997]...
JobSystem: Creating JobQueue using job-worker-count value 5
Input System module state changed to: Initialized.
[Physics::Module] Initialized fallback backend.
[Physics::Module] Id: 0xdecafbad
Library Redirect Path: Library/
[Physics::Module] Selected backend.
[Physics::Module] Name: PhysX
[Physics::Module] Id: 0xf2b8ea05
[Physics::Module] SDK Version: 4.1.2
[Physics::Module] Integration Version: 1.0.0
[Physics::Module] Threading Mode: Multi-Threaded
Initialize engine version: 6000.5.2f1 (eb73d3b415a1)
[Subsystems] Discovering subsystems at path C:/Program Files/Unity/Hub/Editor/6000.5.2f1/Editor/Data/Resources/UnitySubsystems
[Subsystems] Discovering subsystems at path C:/Users/USER/Downloads/graficaShooter3D/ParcialPracticoShooter3D/Assets
Forcing GfxDevice: Direct3D 12
GfxDevice: creating device client; kGfxThreadingModeNonThreaded
d3d12: failed to query info queue interface (0x80004002).
Direct3D:
    Version:         Direct3D 12 [level 12.1]
    Renderer:        Intel(R) UHD Graphics (ID=0x46a3)
    Vendor:          Intel
    VRAM:            8038 MB
    App VRAM Budget: 7380 MB
    Driver:          32.0.101.7076
    Unified Memory Architecture
    Cache Coherent UMA
Initialize mono
Mono path[0] = 'C:/Program Files/Unity/Hub/Editor/6000.5.2f1/Editor/Data/Managed'
Mono path[1] = 'C:/Program Files/Unity/Hub/Editor/6000.5.2f1/Editor/Data/BCLExtensions/runtime/netstandard2.1'
Mono path[2] = 'C:/Program Files/Unity/Hub/Editor/6000.5.2f1/Editor/Data/MonoBleedingEdge/lib/mono/unityjit-win32'
Mono config path = 'C:/Program Files/Unity/Hub/Editor/6000.5.2f1/Editor/Data/MonoBleedingEdge/etc'
Using monoOptions --debugger-agent=transport=dt_socket,embedding=1,server=y,suspend=n,address=127.0.0.1:56264
CodeReloadManager initialized
Begin MonoManager ReloadAssembly
Registering precompiled unity dll's ...
Register platform support module: C:/Program Files/Unity/Hub/Editor/6000.5.2f1/Editor/Data/PlaybackEngines/WebGLSupport/UnityEditor.WebGL.Extensions.dll
Register platform support module: C:/Program Files/Unity/Hub/Editor/6000.5.2f1/Editor/Data/PlaybackEngines/WindowsStandaloneSupport/UnityEditor.WindowsStandalone.Extensions.dll
Registered in 0.011022 seconds.
Native extension for WindowsStandalone target not found
Native extension for WebGL target not found
Package Manager log level set to [2]
[Package Manager] Failed to launch server process. Reason: Unity was launched with the -noUpm command-line argument
[Package Manager] Unable to send message (not connected to server process).
[Package Manager] Cannot connect to Unity Package Manager local server
ScheduleIndexationOnStartup MainProcess:False IndexOnStartup:True
[Licensing::Client] Error: HandshakeResponse reported an error:
	ResponseCode: 505
	ResponseStatus: Unsupported protocol version '1.18.1'.
[Licensing::Module] Error: Failed to handshake to channel: "LicenseClient-USER"
[Licensing::IpcConnector] LicenseClient-USER channel disconnected successfully.
[Licensing::IpcConnector] Successfully connected to: "LicenseClient-USER-6000.5.2" at "2026-07-11T05:58:30.4425784Z"
Mono: successfully reloaded assembly
[Licensing::Client] Code 10 while verifying Licensing Client signature (process Id: 14800, path: "C:/Program Files/Unity/Hub/Editor/6000.5.2f1/Editor/Data/Resources/Licensing/Client/Unity.Licensing.Client.exe")
[Licensing::Module] LicensingClient has failed validation; ignoring
[Licensing::Client] Handshaking with LicensingClient:
  Version:                 1.18.1+9fbee8e
  Session Id:              ff009da57738477fbcb444754d01a6b9
  Correlation Id:          653f186ce306b0a06958ad573794651d
  External correlation Id: 482651914408652268
  Machine Id:              7+DC0Klvk6dTU7So1fNBXYeXDRU=
[Licensing::Module] Successfully connected to LicensingClient on channel: "LicenseClient-USER-6000.5.2" (connect: 0.00s, validation: 0.00s, handshake: 0.04s)
[Licensing::IpcConnector] Successfully connected to: "LicenseClient-USER-6000.5.2-notifications" at "2026-07-11T05:58:30.4914598Z"
[Licensing::Module] Licensing Background thread has ended after 6.73s
- Finished resetting the current domain, in  1.375 seconds
Domain Reload Profiling: 4183ms
	BeginReloadAssembly (419ms)
		CreateAndSetChildDomain (3ms)
	RebuildCommonClasses (15ms)
	RebuildNativeTypeToScriptingClass (52ms)
	initialDomainReloadingComplete (305ms)
	LoadAllAssembliesAndSetupDomain (2012ms)
		LoadAssemblies (411ms)
		AnalyzeDomain (1605ms)
			TypeCache.Refresh (1599ms)
				TypeCache.ScanAssembly (1543ms)
			BuildScriptInfoCaches (3ms)
	FinalizeReload (1380ms)
		SetupLoadedEditorAssemblies (0ms)
			InitializePlatformSupportModulesInManaged (8ms)
			BeforeProcessingInitializeOnLoad (333ms)
			ProcessInitializeOnLoadAttributes (325ms)
			ProcessInitializeOnLoadMethodAttributes (428ms)
Initializing Unity extensions:
[Licensing::Client] Successfully resolved entitlement details
[Licensing::Module] License group:
  Id: 4673385707227-UnityPersXXXX
  Product: Unity Personal
  Type: Assigned
  Expiration: Unlimited
========================================================================
Worker process is ready to serve import requests
Import Worker Mode flag is 0x00
Begin MonoManager ReloadAssembly
Native extension for WindowsStandalone target not found
Native extension for WebGL target not found
[Package Manager] Failed to launch server process. Reason: Unity was launched with the -noUpm command-line argument
[Package Manager] Unable to send message (not connected to server process).
[Package Manager] Cannot connect to Unity Package Manager local server
ScheduleIndexationOnStartup MainProcess:False IndexOnStartup:True
Mono: successfully reloaded assembly
- Finished resetting the current domain, in  0.923 seconds
Domain Reload Profiling: 1783ms
	BeginReloadAssembly (458ms)
		DisableScriptedObjects (16ms)
		CreateAndSetChildDomain (79ms)
	RebuildCommonClasses (19ms)
	RebuildNativeTypeToScriptingClass (41ms)
	initialDomainReloadingComplete (75ms)
	LoadAllAssembliesAndSetupDomain (263ms)
		LoadAssemblies (247ms)
		AnalyzeDomain (45ms)
			TypeCache.Refresh (23ms)
				TypeCache.ScanAssembly (14ms)
			BuildScriptInfoCaches (14ms)
			ResolveRequiredComponents (3ms)
	FinalizeReload (927ms)
		SetupLoadedEditorAssemblies (0ms)
			InitializePlatformSupportModulesInManaged (7ms)
			BeforeProcessingInitializeOnLoad (230ms)
			ProcessInitializeOnLoadAttributes (195ms)
			ProcessInitializeOnLoadMethodAttributes (163ms)
			AfterProcessingInitializeOnLoad (9ms)
		AwakeInstancesAfterBackupRestoration (6ms)
AcceleratorClientConnectionCallback - disconnected - :0
Launched and connected shader compiler UnityShaderCompiler.exe after 0.07 seconds
Unloading 0 Unused Serialized files (Serialized files now loaded: 0)
Curl error 3: URL rejected: Malformed input to a URL function
Unloading 433 unused Assets / (143.0 KB). Loaded Objects now: 1043.
Memory consumption went from 155.6 MB to 155.5 MB.
Total: 8.519600 ms (FindLiveObjects: 0.117300 ms CreateObjectMapping: 0.153100 ms MarkObjects: 7.880600 ms  DeleteObjects: 0.363900 ms)

========================================================================
Received Import Request.
  Time of request: 2026-07-11T05:58:50.1137369Z
  Time since last request: 1207967.50214369990863 seconds.
  importAddress: GUID: 8e82cd6ab4c60c34a897f8a29703cef2 - Path: Assets/Sounds/hurtSound.mp3 - Importer: PreviewImporter
Importing 'GUID: 8e82cd6ab4c60c34a897f8a29703cef2 - Path: Assets/Sounds/hurtSound.mp3 - Importer: PreviewImporter' with importer (PreviewImporter)
Imported 'GUID: 8e82cd6ab4c60c34a897f8a29703cef2' -> (Import Result ID: 'eedc2345e50e7481e63b46d3e5126e57') in 0.343 seconds [static and dynamic dependencies]. Details - ImportResultOutputID=e6d8468c8e9ca5e5afaa359cf5208ab8 DependenciesID=28efbcc9029d233585186284da6254f4 StaticDependenciesID=bef44eb915a4880f846a8e22878d0e66 
Number of updated asset objects reloaded before import = 0
Number of asset objects unloaded after import = 2
========================================================================
Received Import Request.
  Time of request: 2026-07-11T05:58:50.461522Z
  Time since last request: 0.0000405 seconds.
  importAddress: GUID: 2f711e55a08dfc9409a395ae9c80bbae - Path: Assets/Sounds/shootSound.mp3 - Importer: PreviewImporter
Importing 'GUID: 2f711e55a08dfc9409a395ae9c80bbae - Path: Assets/Sounds/shootSound.mp3 - Importer: PreviewImporter' with importer (PreviewImporter)
Imported 'GUID: 2f711e55a08dfc9409a395ae9c80bbae' -> (Import Result ID: '8528aff39ad79ba102896a917ecc52ca') in 0.016 seconds [static and dynamic dependencies]. Details - ImportResultOutputID=3dafa2436572ad9d4786bf557554fce1 DependenciesID=3985318f0622086e2f41e8df1e618327 StaticDependenciesID=d6c5b8059ba92d9c9c0e1755f0403e88 
Number of updated asset objects reloaded before import = 0
Number of asset objects unloaded after import = 2
========================================================================
Received Import Request.
  Time of request: 2026-07-11T05:58:52.8800396Z
  Time since last request: 2.4018737 seconds.
  importAddress: GUID: de9b8efbcc39bc441b59eb44b4f39a69 - Path: Assets/Materials/Exit_Green.mat - Importer: PreviewImporter
Importing 'GUID: de9b8efbcc39bc441b59eb44b4f39a69 - Path: Assets/Materials/Exit_Green.mat - Importer: PreviewImporter' with importer (PreviewImporter)
Imported 'GUID: de9b8efbcc39bc441b59eb44b4f39a69' -> (Import Result ID: '9123832a94632911afbc347c1fc8c5dd') in 0.096 seconds [static and dynamic dependencies]. Details - ImportResultOutputID=82acd0e533f526632be0b71badcdd4d9 DependenciesID=8fad6443ed064f6bd625493c5d7c871c StaticDependenciesID=c23660beb1007fa21579bea5e521dbfe 
Number of updated asset objects reloaded before import = 0
Number of asset objects unloaded after import = 1
========================================================================
Received Import Request.
  Time of request: 2026-07-11T05:58:53.0304118Z
  Time since last request: 0.0514888 seconds.
  importAddress: GUID: 46a9fa2c0556d914a8c767f71598f792 - Path: Assets/Materials/Weapon_Dark.mat - Importer: PreviewImporter
Importing 'GUID: 46a9fa2c0556d914a8c767f71598f792 - Path: Assets/Materials/Weapon_Dark.mat - Importer: PreviewImporter' with importer (PreviewImporter)
Imported 'GUID: 46a9fa2c0556d914a8c767f71598f792' -> (Import Result ID: 'ae48e5fbd919b8a02853d148a85608d0') in 0.015 seconds [static and dynamic dependencies]. Details - ImportResultOutputID=3b7f1160eb3f2172a2fc0d8a37dc5998 DependenciesID=89f7f97dd7bc0f24402a11d684585326 StaticDependenciesID=51693f83f808d3c33b72989c3900111e 
Number of updated asset objects reloaded before import = 0
Number of asset objects unloaded after import = 1
========================================================================
Received Import Request.
  Time of request: 2026-07-11T05:58:53.0463043Z
  Time since last request: 0.0006355 seconds.
  importAddress: GUID: f6daffffc69419747a4cbd0d760d79bc - Path: Assets/Materials/Wall_Concrete.mat - Importer: PreviewImporter
Importing 'GUID: f6daffffc69419747a4cbd0d760d79bc - Path: Assets/Materials/Wall_Concrete.mat - Importer: PreviewImporter' with importer (PreviewImporter)
Imported 'GUID: f6daffffc69419747a4cbd0d760d79bc' -> (Import Result ID: '779bf6a550553719e6a83c5fd872cd2e') in 0.015 seconds [static and dynamic dependencies]. Details - ImportResultOutputID=24643c62d384239d83d80e9feda9d619 DependenciesID=e1c0230674486b7ce44ab0434e9544fc StaticDependenciesID=7d8e2a1be49373bd7e2c5ccbc9c17eb4 
Number of updated asset objects reloaded before import = 0
Number of asset objects unloaded after import = 1
Editor requested this worker to shutdown with reason: Scaling down because of idle timeout
AcceleratorClientConnectionCallback - disconnected - :0
AssetImportWorker is now disconnected from the server
Process exiting
Exiting without the bug reporter. Application will terminate with return code 0